0 info it worked if it ends with ok
1 verbose cli [ '/usr/local/bin/node',
1 verbose cli   '/usr/local/bin/npm',
1 verbose cli   'install',
1 verbose cli   '—save-dev',
1 verbose cli   'gulp-load-plugins' ]
2 info using npm@3.10.3
3 info using node@v6.4.0
4 error arg Argument starts with non-ascii dash, this is probably invalid: [ '—save-dev', 'gulp-load-plugins' ]
5 silly loadCurrentTree Starting
6 silly install loadCurrentTree
7 silly install readLocalPackageData
8 silly fetchPackageMetaData —save-dev
9 silly fetchPackageMetaData gulp-load-plugins
10 silly fetchOtherPackageData —save-dev
11 silly cache add args [ '—save-dev', null ]
12 verbose cache add spec —save-dev
13 silly fetchNamedPackageData gulp-load-plugins
14 silly mapToRegistry name gulp-load-plugins
15 silly mapToRegistry using default registry
16 silly mapToRegistry registry https://registry.npmjs.org/
17 silly mapToRegistry data Result {
17 silly mapToRegistry   raw: 'gulp-load-plugins',
17 silly mapToRegistry   scope: null,
17 silly mapToRegistry   escapedName: 'gulp-load-plugins',
17 silly mapToRegistry   name: 'gulp-load-plugins',
17 silly mapToRegistry   rawSpec: '',
17 silly mapToRegistry   spec: 'latest',
17 silly mapToRegistry   type: 'tag' }
18 silly mapToRegistry uri https://registry.npmjs.org/gulp-load-plugins
19 silly cache add parsed spec Result {
19 silly cache add   raw: '—save-dev',
19 silly cache add   scope: null,
19 silly cache add   escapedName: null,
19 silly cache add   name: null,
19 silly cache add   rawSpec: '—save-dev',
19 silly cache add   spec: '/Users/wangshaozhen/Documents/gitproject/cocoabean/—save-dev',
19 silly cache add   type: 'local' }
20 error addLocal Could not install /Users/wangshaozhen/Documents/gitproject/cocoabean/—save-dev
21 silly fetchPackageMetaData Error: ENOENT: no such file or directory, open '/Users/wangshaozhen/Documents/gitproject/cocoabean/—save-dev'
21 silly fetchPackageMetaData     at Error (native)
21 silly fetchPackageMetaData  error for —save-dev { Error: ENOENT: no such file or directory, open '/Users/wangshaozhen/Documents/gitproject/cocoabean/—save-dev'
21 silly fetchPackageMetaData     at Error (native)
21 silly fetchPackageMetaData   errno: -2,
21 silly fetchPackageMetaData   code: 'ENOENT',
21 silly fetchPackageMetaData   syscall: 'open',
21 silly fetchPackageMetaData   path: '/Users/wangshaozhen/Documents/gitproject/cocoabean/—save-dev' }
22 verbose request uri https://registry.npmjs.org/gulp-load-plugins
23 verbose request no auth needed
24 info attempt registry request try #1 at 6:20:56 PM
25 verbose request id 8a97892cb0c261ee
26 verbose etag "EHU0DKO61PP4EGFE0BFA2GXUL"
27 http request GET https://registry.npmjs.org/gulp-load-plugins
28 info retry will retry, error on last attempt: TypeError: The header content contains invalid characters
29 info attempt registry request try #2 at 6:21:06 PM
30 verbose etag "EHU0DKO61PP4EGFE0BFA2GXUL"
31 http request GET https://registry.npmjs.org/gulp-load-plugins
32 info retry will retry, error on last attempt: TypeError: The header content contains invalid characters
33 info attempt registry request try #3 at 6:22:06 PM
34 verbose etag "EHU0DKO61PP4EGFE0BFA2GXUL"
35 http request GET https://registry.npmjs.org/gulp-load-plugins
36 silly get cb [ 304, undefined ]
37 verbose etag https://registry.npmjs.org/gulp-load-plugins from cache
38 verbose get saving gulp-load-plugins to /Users/wangshaozhen/.npm/registry.npmjs.org/gulp-load-plugins/.cache.json
39 verbose correctMkdir /Users/wangshaozhen/.npm correctMkdir not in flight; initializing
40 silly rollbackFailedOptional Starting
41 silly rollbackFailedOptional Finishing
42 silly runTopLevelLifecycles Starting
43 silly runTopLevelLifecycles Finishing
44 silly install printInstalled
45 verbose stack Error: ENOENT: no such file or directory, open '/Users/wangshaozhen/Documents/gitproject/cocoabean/—save-dev'
45 verbose stack     at Error (native)
46 verbose cwd /Users/wangshaozhen/Documents/gitproject/cocoabean
47 error Darwin 15.5.0
48 error argv "/usr/local/bin/node" "/usr/local/bin/npm" "install" "—save-dev" "gulp-load-plugins"
49 error node v6.4.0
50 error npm  v3.10.3
51 error path /Users/wangshaozhen/Documents/gitproject/cocoabean/—save-dev
52 error code ENOENT
53 error errno -2
54 error syscall open
55 error enoent ENOENT: no such file or directory, open '/Users/wangshaozhen/Documents/gitproject/cocoabean/—save-dev'
56 error enoent ENOENT: no such file or directory, open '/Users/wangshaozhen/Documents/gitproject/cocoabean/—save-dev'
56 error enoent This is most likely not a problem with npm itself
56 error enoent and is related to npm not being able to find a file.
57 verbose exit [ -2, true ]
